<?xml version="1.0" encoding="UTF-8"?>
<!-- Generated by org.testng.reporters.JUnitXMLReporter -->
<testsuite ignored="13" hostname="INTLAP-485-Subir-Sarkar" failures="0" tests="1" name="AccurideEurope Test" time="0.995" errors="0" timestamp="2023-03-20T15:13:41 IST">
  <testcase classname="com.Accuride.testCases.BaseClass" name="@BeforeClass setup" time="0.723">
    <failure type="java.lang.NoSuchMethodError" message="&amp;apos;java.lang.String org.apache.commons.io.IOUtils.toString(java.io.InputStream, java.nio.charset.Charset)&amp;apos;">
      <![CDATA[java.lang.NoSuchMethodError: 'java.lang.String org.apache.commons.io.IOUtils.toString(java.io.InputStream, java.nio.charset.Charset)'
at io.github.bonigarcia.wdm.versions.VersionDetector.getProperties(VersionDetector.java:302)
at io.github.bonigarcia.wdm.versions.VersionDetector.getBrowserVersionFromTheShell(VersionDetector.java:202)
at io.github.bonigarcia.wdm.WebDriverManager.getBrowserVersionFromTheShell(WebDriverManager.java:1336)
at io.github.bonigarcia.wdm.WebDriverManager.detectBrowserVersion(WebDriverManager.java:1356)
at io.github.bonigarcia.wdm.WebDriverManager.resolveDriverVersion(WebDriverManager.java:1219)
at io.github.bonigarcia.wdm.WebDriverManager.manage(WebDriverManager.java:1169)
at io.github.bonigarcia.wdm.WebDriverManager.setup(WebDriverManager.java:419)
at com.Accuride.testCases.BaseClass.setup(BaseClass.java:54)
at java.base/java.util.ArrayList.forEach(ArrayList.java:1511)
... Removed 25 stack frames]]>
    </failure>
  </testcase> <!-- @BeforeClass setup -->
  <testcase classname="com.Accuride.testCases.BaseClass" name="@AfterClass tearDown" time="-1.679305421769E9">
    <skipped/>
  </testcase> <!-- @AfterClass tearDown -->
  <testcase classname="com.Accuride.testCases.TC_SignUp" name="Signup_TC_ID_1_verifySignUpButton" time="0.0">
    <skipped/>
  </testcase> <!-- Signup_TC_ID_1_verifySignUpButton -->
  <testcase classname="com.Accuride.testCases.TC_SignUp" name="Signup_TC_ID_11_Check_with_existing_email_address_which_is_already_been_used" time="0.0">
    <ignored/>
  </testcase> <!-- Signup_TC_ID_11_Check_with_existing_email_address_which_is_already_been_used -->
  <testcase classname="com.Accuride.testCases.TC_SignUp" name="Signup_TC_ID_12_Check_the_password_limit_when_enter_value_less_than_min" time="0.0">
    <ignored/>
  </testcase> <!-- Signup_TC_ID_12_Check_the_password_limit_when_enter_value_less_than_min -->
  <testcase classname="com.Accuride.testCases.TC_SignUp" name="Signup_TC_ID_2_UI_of_the_Sign_up_page" time="0.0">
    <ignored/>
  </testcase> <!-- Signup_TC_ID_2_UI_of_the_Sign_up_page -->
  <testcase classname="com.Accuride.testCases.TC_SignUp" name="Signup_TC_ID_6_verify_without_providing_Last_name" time="0.0">
    <ignored/>
  </testcase> <!-- Signup_TC_ID_6_verify_without_providing_Last_name -->
  <testcase classname="com.Accuride.testCases.TC_SignUp" name="Signup_TC_ID_14_Check_the_password_when_passing_only_numbers" time="0.0">
    <ignored/>
  </testcase> <!-- Signup_TC_ID_14_Check_the_password_when_passing_only_numbers -->
  <testcase classname="com.Accuride.testCases.TC_SignUp" name="Signup_TC_ID_9_verify_by_providing_diffrent_Password_into_Password_and_confirm_password" time="0.0">
    <ignored/>
  </testcase> <!-- Signup_TC_ID_9_verify_by_providing_diffrent_Password_into_Password_and_confirm_password -->
  <testcase classname="com.Accuride.testCases.TC_SignUp" name="Signup_TC_ID_8_verify_without_providingPassword" time="0.0">
    <ignored/>
  </testcase> <!-- Signup_TC_ID_8_verify_without_providingPassword -->
  <testcase classname="com.Accuride.testCases.TC_SignUp" name="Signup_TC_ID_4_verify_all_the_text_boxes_Checkbox_and_buttons" time="0.0">
    <ignored/>
  </testcase> <!-- Signup_TC_ID_4_verify_all_the_text_boxes_Checkbox_and_buttons -->
  <testcase classname="com.Accuride.testCases.TC_SignUp" name="Signup_TC_ID_7_verify_without_providing_Email_id" time="0.0">
    <ignored/>
  </testcase> <!-- Signup_TC_ID_7_verify_without_providing_Email_id -->
  <testcase classname="com.Accuride.testCases.TC_SignUp" name="Signup_TC_ID_5_verify_that_without_providing_First_name" time="0.0">
    <ignored/>
  </testcase> <!-- Signup_TC_ID_5_verify_that_without_providing_First_name -->
  <testcase classname="com.Accuride.testCases.TC_SignUp" name="Signup_TC_ID_13_Check_the_password_limit_when_enter_value_greater_than_max" time="0.0">
    <ignored/>
  </testcase> <!-- Signup_TC_ID_13_Check_the_password_limit_when_enter_value_greater_than_max -->
  <testcase classname="com.Accuride.testCases.TC_SignUp" name="Signup_TC_ID_3_Behaviour_of_SignUp_Button" time="0.0">
    <ignored/>
  </testcase> <!-- Signup_TC_ID_3_Behaviour_of_SignUp_Button -->
  <testcase classname="com.Accuride.testCases.TC_SignUp" name="Signup_TC_ID_16_By_entering_all_the_required_mandatory_field" time="0.0">
    <ignored/>
  </testcase> <!-- Signup_TC_ID_16_By_entering_all_the_required_mandatory_field -->
</testsuite> <!-- AccurideEurope Test -->
